<?xml version="1.0" encoding="UTF-8"?>
<!-- Generated by org.testng.reporters.JUnitReportReporter -->
<testsuite skipped="3" hostname="DESKTOP-8M35GM2" name="skip.Skiptest" tests="4" failures="0" timestamp="10 Nov 2021 00:30:42 GMT" time="0.000" errors="0">
  <testcase name="skipDemo_2" time="0.000" classname="skip.Skiptest"/>
  <testcase name="skipDemo_4" classname="skip.Skiptest">
    <skipped/>
  </testcase> <!-- skipDemo_4 -->
  <testcase name="skipDemo_1" classname="skip.Skiptest">
    <skipped/>
  </testcase> <!-- skipDemo_1 -->
  <testcase name="skipDemo_3" classname="skip.Skiptest">
    <skipped/>
  </testcase> <!-- skipDemo_3 -->
</testsuite> <!-- skip.Skiptest -->
