<?xml version="1.0" encoding="UTF-8"?>
<!-- Generated by org.testng.reporters.JUnitReportReporter -->
<testsuite skipped="0" hostname="DESKTOP-8M35GM2" name="com.test.launchb" tests="1" failures="0" timestamp="19 Nov 2021 03:12:02 GMT" time="165.166" errors="0">
  <testcase name="launchbrowser" time="165.166" classname="com.test.launchb"/>
</testsuite> <!-- com.test.launchb -->
