<?xml version="1.0" encoding="UTF-8"?>
<!-- Generated by org.testng.reporters.JUnitReportReporter -->
<testsuite skipped="0" hostname="DESKTOP-8M35GM2" name="skip.SelectRadioDynamic" tests="1" failures="0" timestamp="16 Nov 2021 03:01:41 GMT" time="7.142" errors="0">
  <testcase name="selectRadio" time="7.142" classname="skip.SelectRadioDynamic"/>
</testsuite> <!-- skip.SelectRadioDynamic -->
