<?xml version="1.0" encoding="UTF-8"?>
<!-- Generated by org.testng.reporters.JUnitReportReporter -->
<testsuite skipped="0" hostname="DESKTOP-8M35GM2" name="com.test.launch" tests="1" failures="0" timestamp="23 Nov 2021 09:57:33 GMT" time="4.795" errors="0">
  <testcase name="launchbrowser" time="4.795" classname="com.test.launch"/>
</testsuite> <!-- com.test.launch -->
