<?xml version="1.0" encoding="UTF-8"?>
<!-- Generated by org.testng.reporters.JUnitReportReporter -->
<testsuite skipped="0" hostname="DESKTOP-8M35GM2" name="MoneyControl" tests="1" failures="0" timestamp="13 Nov 2021 12:25:16 GMT" time="6.723" errors="0">
  <testcase name="test" time="6.723" classname="MoneyControl"/>
</testsuite> <!-- MoneyControl -->
